MATLAB is selecting SOFTWARE rendering.

                            < M A T L A B (R) >
                  Copyright 1984-2024 The MathWorks, Inc.
             R2024b Update 6 (24.2.0.2923080) 64-bit (glnxa64)
                               March 28, 2025

 
To get started, type doc.
For product information, visit www.mathworks.com.
 
Starting parallel pool (parpool) using the 'Processes' profile ...
Connected to parallel pool with 24 workers.
Probably below threshold. Stopping simulation...
Probably below threshold. Stopping simulation...
Probably below threshold. Stopping simulation...
Probably below threshold. Stopping simulation...
Probably below threshold. Stopping simulation...
Probably below threshold. Stopping simulation...
Probably below threshold. Stopping simulation...
Probably below threshold. Stopping simulation...
Probably below threshold. Stopping simulation...
Probably below threshold. Stopping simulation...
Probably below threshold. Stopping simulation...
Probably below threshold. Stopping simulation...
Probably below threshold. Stopping simulation...
Probably below threshold. Stopping simulation...
Probably below threshold. Stopping simulation...
Probably below threshold. Stopping simulation...
Probably below threshold. Stopping simulation...
Probably below threshold. Stopping simulation...
Probably below threshold. Stopping simulation...
Probably below threshold. Stopping simulation...
Probably below threshold. Stopping simulation...
Probably below threshold. Stopping simulation...
Probably below threshold. Stopping simulation...
Probably below threshold. Stopping simulation...
Probably below threshold. Stopping simulation...
Probably below threshold. Stopping simulation...
Probably below threshold. Stopping simulation...
Probably below threshold. Stopping simulation...
Probably below threshold. Stopping simulation...
Probably below threshold. Stopping simulation...
Probably below threshold. Stopping simulation...
Probably below threshold. Stopping simulation...
Probably below threshold. Stopping simulation...
Probably below threshold. Stopping simulation...
Probably below threshold. Stopping simulation...
Probably below threshold. Stopping simulation...
Probably below threshold. Stopping simulation...
Probably below threshold. Stopping simulation...
Probably below threshold. Stopping simulation...
Probably below threshold. Stopping simulation...
Probably below threshold. Stopping simulation...
Probably below threshold. Stopping simulation...
Probably below threshold. Stopping simulation...
Probably below threshold. Stopping simulation...
Probably below threshold. Stopping simulation...
Probably below threshold. Stopping simulation...
Probably below threshold. Stopping simulation...
Probably below threshold. Stopping simulation...
Probably below threshold. Stopping simulation...
Probably below threshold. Stopping simulation...
Probably below threshold. Stopping simulation...
Probably below threshold. Stopping simulation...
Probably below threshold. Stopping simulation...
Probably below threshold. Stopping simulation...
Probably below threshold. Stopping simulation...
Probably below threshold. Stopping simulation...
Probably below threshold. Stopping simulation...
Probably below threshold. Stopping simulation...
Probably below threshold. Stopping simulation...
Probably below threshold. Stopping simulation...
Probably below threshold. Stopping simulation...
Probably below threshold. Stopping simulation...
Probably below threshold. Stopping simulation...
Probably below threshold. Stopping simulation...
Probably below threshold. Stopping simulation...
Probably below threshold. Stopping simulation...
Probably below threshold. Stopping simulation...
Probably below threshold. Stopping simulation...
Probably below threshold. Stopping simulation...
Probably below threshold. Stopping simulation...
Probably below threshold. Stopping simulation...
Probably below threshold. Stopping simulation...
Probably below threshold. Stopping simulation...
Probably below threshold. Stopping simulation...
Probably below threshold. Stopping simulation...
Probably below threshold. Stopping simulation...
Probably below threshold. Stopping simulation...
Probably below threshold. Stopping simulation...
Probably below threshold. Stopping simulation...
Probably below threshold. Stopping simulation...
Probably below threshold. Stopping simulation...
Probably below threshold. Stopping simulation...
Probably below threshold. Stopping simulation...
Probably below threshold. Stopping simulation...
Probably below threshold. Stopping simulation...
Probably below threshold. Stopping simulation...
Probably below threshold. Stopping simulation...
Probably below threshold. Stopping simulation...
Probably below threshold. Stopping simulation...
Probably below threshold. Stopping simulation...
Probably below threshold. Stopping simulation...
Probably below threshold. Stopping simulation...
Probably below threshold. Stopping simulation...
Probably below threshold. Stopping simulation...
Probably below threshold. Stopping simulation...
Probably below threshold. Stopping simulation...
Probably below threshold. Stopping simulation...
Probably below threshold. Stopping simulation...
Probably below threshold. Stopping simulation...
Probably below threshold. Stopping simulation...
Probably below threshold. Stopping simulation...
Probably below threshold. Stopping simulation...
Probably below threshold. Stopping simulation...
Probably below threshold. Stopping simulation...
Probably below threshold. Stopping simulation...
Probably below threshold. Stopping simulation...
Probably below threshold. Stopping simulation...
Probably below threshold. Stopping simulation...
Probably below threshold. Stopping simulation...
Probably below threshold. Stopping simulation...
Probably below threshold. Stopping simulation...
Probably below threshold. Stopping simulation...
Probably below threshold. Stopping simulation...
Probably below threshold. Stopping simulation...
Probably below threshold. Stopping simulation...
Probably below threshold. Stopping simulation...
Probably below threshold. Stopping simulation...
Probably below threshold. Stopping simulation...
Probably below threshold. Stopping simulation...
Probably below threshold. Stopping simulation...
Probably below threshold. Stopping simulation...
Probably below threshold. Stopping simulation...
Probably below threshold. Stopping simulation...
Probably below threshold. Stopping simulation...
Probably below threshold. Stopping simulation...
Probably below threshold. Stopping simulation...
Probably below threshold. Stopping simulation...
Probably below threshold. Stopping simulation...
Probably below threshold. Stopping simulation...
Probably below threshold. Stopping simulation...
Probably below threshold. Stopping simulation...
Probably below threshold. Stopping simulation...
Probably below threshold. Stopping simulation...
Probably below threshold. Stopping simulation...
Probably below threshold. Stopping simulation...
Probably below threshold. Stopping simulation...
Probably below threshold. Stopping simulation...
Probably below threshold. Stopping simulation...
Probably below threshold. Stopping simulation...
Probably below threshold. Stopping simulation...
Probably below threshold. Stopping simulation...
Probably below threshold. Stopping simulation...
Probably below threshold. Stopping simulation...
Probably below threshold. Stopping simulation...
Probably below threshold. Stopping simulation...
Probably below threshold. Stopping simulation...
Probably below threshold. Stopping simulation...
Probably below threshold. Stopping simulation...
Probably below threshold. Stopping simulation...
Probably below threshold. Stopping simulation...
Probably below threshold. Stopping simulation...
Probably below threshold. Stopping simulation...
Probably below threshold. Stopping simulation...
Probably below threshold. Stopping simulation...
Probably below threshold. Stopping simulation...
Probably below threshold. Stopping simulation...
Probably below threshold. Stopping simulation...
Probably below threshold. Stopping simulation...
Probably below threshold. Stopping simulation...
Probably below threshold. Stopping simulation...
Parallel pool using the 'Processes' profile is shutting down.
MATLAB is selecting SOFTWARE rendering.

                            < M A T L A B (R) >
                  Copyright 1984-2024 The MathWorks, Inc.
             R2024b Update 6 (24.2.0.2923080) 64-bit (glnxa64)
                               March 28, 2025

 
To get started, type doc.
For product information, visit www.mathworks.com.
 
Starting parallel pool (parpool) using the 'Processes' profile ...
Connected to parallel pool with 24 workers.
/var/spool/slurmd/job8453256/slurm_script: line 14: 958098 Killed                  matlab -nodesktop -nosplash -r postprocess -logfile output_postprocess.out
slurmstepd: error: Detected 1 oom_kill event in StepId=8453256.batch. Some of the step tasks have been OOM Killed.
